2022-11-19 10:42:25 [INFO ] c.p.r.NativeLoader:64 - ********************************
2022-11-19 10:42:25 [INFO ] c.p.r.NativeLoader:65 - Native library search paths: 
2022-11-19 10:42:25 [INFO ] c.p.r.NativeLoader:992 - C:\Users\vence\AppData\Roaming\PVS-Studio-Java\7.21.64848
2022-11-19 10:42:25 [INFO ] c.p.r.NativeLoader:992 - .
2022-11-19 10:42:25 [INFO ] c.p.r.NativeLoader:992 - C:\Users\vence\AppData\Roaming\PVS-Studio-Java\7.21.64848\..
2022-11-19 10:42:25 [INFO ] c.p.r.NativeLoader:992 - C:\Users\vence\AppData\Roaming\PVS-Studio-Java\7.21.64848\..\..
2022-11-19 10:42:25 [INFO ] c.p.r.NativeLoader:992 - C:\Users\vence\AppData\Roaming\PVS-Studio-Java\7.21.64848\..\..\build
2022-11-19 10:42:25 [INFO ] c.p.r.NativeLoader:67 - Additional path: native/win
2022-11-19 10:42:25 [INFO ] c.p.r.NativeLoader:76 - Native library found: C:\Users\vence\AppData\Roaming\PVS-Studio-Java\7.21.64848\native\win\analysis-core.dll
2022-11-19 10:42:25 [INFO ] c.p.r.NativeLoader:77 - ********************************
2022-11-19 10:42:26 [INFO ] c.p.p.JsonEvaluator:49 - Module: XLS
2022-11-19 10:42:26 [INFO ] c.p.p.JsonEvaluator:50 - Sources:
2022-11-19 10:42:26 [INFO ] c.p.p.JsonEvaluator:75 - C:/Users/vence/Dropbox/Documents/programming/Java/Excel/src
2022-11-19 10:42:26 [INFO ] c.p.p.JsonEvaluator:52 - Classpath:
2022-11-19 10:42:26 [INFO ] c.p.p.JsonEvaluator:75 - C:/Users/vence/.jdks/openjdk-19.0.1!/jdk.editpad
2022-11-19 10:42:26 [INFO ] c.p.p.JsonEvaluator:75 - C:/Users/vence/Dropbox/Documents/programming/Java/Excel/lib/commons-logging-1.2.jar
2022-11-19 10:42:26 [INFO ] c.p.p.JsonEvaluator:75 - C:/Users/vence/.jdks/openjdk-19.0.1!/jdk.javadoc
2022-11-19 10:42:26 [INFO ] c.p.p.JsonEvaluator:75 - C:/Users/vence/.jdks/openjdk-19.0.1!/jdk.nio.mapmode
2022-11-19 10:42:26 [INFO ] c.p.p.JsonEvaluator:75 - C:/Users/vence/.jdks/openjdk-19.0.1!/jdk.internal.vm.compiler.management
2022-11-19 10:42:26 [INFO ] c.p.p.JsonEvaluator:75 - C:/Users/vence/.jdks/openjdk-19.0.1!/java.management.rmi
2022-11-19 10:42:26 [INFO ] c.p.p.JsonEvaluator:75 - C:/Users/vence/.jdks/openjdk-19.0.1!/jdk.naming.dns
2022-11-19 10:42:26 [INFO ] c.p.p.JsonEvaluator:75 - C:/Users/vence/.jdks/openjdk-19.0.1!/java.xml
2022-11-19 10:42:26 [INFO ] c.p.p.JsonEvaluator:75 - C:/Users/vence/.jdks/openjdk-19.0.1!/jdk.hotspot.agent
2022-11-19 10:42:26 [INFO ] c.p.p.JsonEvaluator:75 - C:/Users/vence/.jdks/openjdk-19.0.1!/jdk.localedata
2022-11-19 10:42:26 [INFO ] c.p.p.JsonEvaluator:75 - C:/Users/vence/.jdks/openjdk-19.0.1!/jdk.compiler
2022-11-19 10:42:26 [INFO ] c.p.p.JsonEvaluator:75 - C:/Users/vence/.jdks/openjdk-19.0.1!/jdk.internal.vm.ci
2022-11-19 10:42:26 [INFO ] c.p.p.JsonEvaluator:75 - C:/Users/vence/.jdks/openjdk-19.0.1!/jdk.jfr
2022-11-19 10:42:26 [INFO ] c.p.p.JsonEvaluator:75 - C:/Users/vence/.jdks/openjdk-19.0.1!/jdk.jdeps
2022-11-19 10:42:26 [INFO ] c.p.p.JsonEvaluator:75 - C:/Users/vence/.jdks/openjdk-19.0.1!/java.naming
2022-11-19 10:42:26 [INFO ] c.p.p.JsonEvaluator:75 - C:/Users/vence/.jdks/openjdk-19.0.1!/jdk.crypto.mscapi
2022-11-19 10:42:26 [INFO ] c.p.p.JsonEvaluator:75 - C:/Users/vence/Dropbox/Documents/programming/Java/Excel/lib/xbean.jar
2022-11-19 10:42:26 [INFO ] c.p.p.JsonEvaluator:75 - C:/Users/vence/.jdks/openjdk-19.0.1!/jdk.jstatd
2022-11-19 10:42:26 [INFO ] c.p.p.JsonEvaluator:75 - C:/Users/vence/.jdks/openjdk-19.0.1!/java.smartcardio
2022-11-19 10:42:26 [INFO ] c.p.p.JsonEvaluator:75 - C:/Users/vence/.jdks/openjdk-19.0.1!/java.logging
2022-11-19 10:42:26 [INFO ] c.p.p.JsonEvaluator:75 - C:/Users/vence/.jdks/openjdk-19.0.1!/jdk.security.auth
2022-11-19 10:42:26 [INFO ] c.p.p.JsonEvaluator:75 - C:/Users/vence/.jdks/openjdk-19.0.1!/java.rmi
2022-11-19 10:42:26 [INFO ] c.p.p.JsonEvaluator:75 - C:/Users/vence/.jdks/openjdk-19.0.1!/java.scripting
2022-11-19 10:42:26 [INFO ] c.p.p.JsonEvaluator:75 - C:/Users/vence/.jdks/openjdk-19.0.1!/jdk.unsupported.desktop
2022-11-19 10:42:26 [INFO ] c.p.p.JsonEvaluator:75 - C:/Users/vence/.jdks/openjdk-19.0.1!/java.se
2022-11-19 10:42:26 [INFO ] c.p.p.JsonEvaluator:75 - C:/Users/vence/.jdks/openjdk-19.0.1!/jdk.jpackage
2022-11-19 10:42:26 [INFO ] c.p.p.JsonEvaluator:75 - C:/Users/vence/Dropbox/Documents/programming/Java/Excel/lib/xmlbeans-3.0.1.jar
2022-11-19 10:42:26 [INFO ] c.p.p.JsonEvaluator:75 - C:/Users/vence/.jdks/openjdk-19.0.1!/jdk.management.agent
2022-11-19 10:42:26 [INFO ] c.p.p.JsonEvaluator:75 - C:/Users/vence/.jdks/openjdk-19.0.1!/jdk.charsets
2022-11-19 10:42:26 [INFO ] c.p.p.JsonEvaluator:75 - C:/Users/vence/.jdks/openjdk-19.0.1!/jdk.crypto.ec
2022-11-19 10:42:26 [INFO ] c.p.p.JsonEvaluator:75 - C:/Users/vence/.jdks/openjdk-19.0.1!/jdk.net
2022-11-19 10:42:26 [INFO ] c.p.p.JsonEvaluator:75 - C:/Users/vence/.jdks/openjdk-19.0.1!/jdk.zipfs
2022-11-19 10:42:26 [INFO ] c.p.p.JsonEvaluator:75 - C:/Users/vence/.jdks/openjdk-19.0.1!/jdk.jartool
2022-11-19 10:42:26 [INFO ] c.p.p.JsonEvaluator:75 - C:/Users/vence/.jdks/openjdk-19.0.1!/jdk.jcmd
2022-11-19 10:42:26 [INFO ] c.p.p.JsonEvaluator:75 - C:/Users/vence/.jdks/openjdk-19.0.1!/jdk.unsupported
2022-11-19 10:42:26 [INFO ] c.p.p.JsonEvaluator:75 - C:/Users/vence/Dropbox/Documents/programming/Java/Excel/lib/poi-ooxml-4.1.2.jar
2022-11-19 10:42:26 [INFO ] c.p.p.JsonEvaluator:75 - C:/Users/vence/.jdks/openjdk-19.0.1!/java.sql.rowset
2022-11-19 10:42:26 [INFO ] c.p.p.JsonEvaluator:75 - C:/Users/vence/.jdks/openjdk-19.0.1!/java.xml.crypto
2022-11-19 10:42:26 [INFO ] c.p.p.JsonEvaluator:75 - C:/Users/vence/.jdks/openjdk-19.0.1!/java.desktop
2022-11-19 10:42:26 [INFO ] c.p.p.JsonEvaluator:75 - C:/Users/vence/.jdks/openjdk-19.0.1!/java.security.sasl
2022-11-19 10:42:26 [INFO ] c.p.p.JsonEvaluator:75 - C:/Users/vence/Dropbox/Documents/programming/Java/Excel/lib/poi-ooxml-schemas-4.1.2.jar
2022-11-19 10:42:26 [INFO ] c.p.p.JsonEvaluator:75 - C:/Users/vence/.jdks/openjdk-19.0.1!/jdk.internal.ed
2022-11-19 10:42:26 [INFO ] c.p.p.JsonEvaluator:75 - C:/Users/vence/.jdks/openjdk-19.0.1!/java.datatransfer
2022-11-19 10:42:26 [INFO ] c.p.p.JsonEvaluator:75 - C:/Users/vence/.jdks/openjdk-19.0.1!/jdk.random
2022-11-19 10:42:26 [INFO ] c.p.p.JsonEvaluator:75 - C:/Users/vence/.jdks/openjdk-19.0.1!/java.net.http
2022-11-19 10:42:26 [INFO ] c.p.p.JsonEvaluator:75 - C:/Users/vence/.jdks/openjdk-19.0.1!/jdk.jdi
2022-11-19 10:42:26 [INFO ] c.p.p.JsonEvaluator:75 - C:/Users/vence/.jdks/openjdk-19.0.1!/java.prefs
2022-11-19 10:42:26 [INFO ] c.p.p.JsonEvaluator:75 - C:/Users/vence/.jdks/openjdk-19.0.1!/jdk.management.jfr
2022-11-19 10:42:26 [INFO ] c.p.p.JsonEvaluator:75 - C:/Users/vence/Dropbox/Documents/programming/Java/Excel/lib/commons-math3-3.6.1.jar
2022-11-19 10:42:26 [INFO ] c.p.p.JsonEvaluator:75 - C:/Users/vence/.jdks/openjdk-19.0.1!/jdk.internal.jvmstat
2022-11-19 10:42:26 [INFO ] c.p.p.JsonEvaluator:75 - C:/Users/vence/.jdks/openjdk-19.0.1!/jdk.accessibility
2022-11-19 10:42:26 [INFO ] c.p.p.JsonEvaluator:75 - C:/Users/vence/.jdks/openjdk-19.0.1!/jdk.attach
2022-11-19 10:42:26 [INFO ] c.p.p.JsonEvaluator:75 - C:/Users/vence/.jdks/openjdk-19.0.1!/jdk.jsobject
2022-11-19 10:42:26 [INFO ] c.p.p.JsonEvaluator:75 - C:/Users/vence/.jdks/openjdk-19.0.1!/jdk.security.jgss
2022-11-19 10:42:26 [INFO ] c.p.p.JsonEvaluator:75 - C:/Users/vence/.jdks/openjdk-19.0.1!/jdk.xml.dom
2022-11-19 10:42:26 [INFO ] c.p.p.JsonEvaluator:75 - C:/Users/vence/Dropbox/Documents/programming/Java/Excel/lib/commons-collections4-4.4.jar
2022-11-19 10:42:26 [INFO ] c.p.p.JsonEvaluator:75 - C:/Users/vence/.jdks/openjdk-19.0.1!/java.sql
2022-11-19 10:42:26 [INFO ] c.p.p.JsonEvaluator:75 - C:/Users/vence/Dropbox/Documents/programming/Java/Excel/lib/commons-compress-1.21.jar
2022-11-19 10:42:26 [INFO ] c.p.p.JsonEvaluator:75 - C:/Users/vence/.jdks/openjdk-19.0.1!/java.compiler
2022-11-19 10:42:26 [INFO ] c.p.p.JsonEvaluator:75 - C:/Users/vence/.jdks/openjdk-19.0.1!/jdk.jconsole
2022-11-19 10:42:26 [INFO ] c.p.p.JsonEvaluator:75 - C:/Users/vence/.jdks/openjdk-19.0.1!/java.management
2022-11-19 10:42:26 [INFO ] c.p.p.JsonEvaluator:75 - C:/Users/vence/.jdks/openjdk-19.0.1!/jdk.internal.le
2022-11-19 10:42:26 [INFO ] c.p.p.JsonEvaluator:75 - C:/Users/vence/.jdks/openjdk-19.0.1!/java.transaction.xa
2022-11-19 10:42:26 [INFO ] c.p.p.JsonEvaluator:75 - C:/Users/vence/.jdks/openjdk-19.0.1!/jdk.jdwp.agent
2022-11-19 10:42:26 [INFO ] c.p.p.JsonEvaluator:75 - C:/Users/vence/.jdks/openjdk-19.0.1!/jdk.sctp
2022-11-19 10:42:26 [INFO ] c.p.p.JsonEvaluator:75 - C:/Users/vence/.jdks/openjdk-19.0.1!/java.security.jgss
2022-11-19 10:42:26 [INFO ] c.p.p.JsonEvaluator:75 - C:/Users/vence/.jdks/openjdk-19.0.1!/jdk.internal.opt
2022-11-19 10:42:26 [INFO ] c.p.p.JsonEvaluator:75 - C:/Users/vence/Dropbox/Documents/programming/Java/Excel/lib/poi-4.1.2.jar
2022-11-19 10:42:26 [INFO ] c.p.p.JsonEvaluator:75 - C:/Users/vence/.jdks/openjdk-19.0.1!/jdk.dynalink
2022-11-19 10:42:26 [INFO ] c.p.p.JsonEvaluator:75 - C:/Users/vence/.jdks/openjdk-19.0.1!/jdk.crypto.cryptoki
2022-11-19 10:42:26 [INFO ] c.p.p.JsonEvaluator:75 - C:/Users/vence/.jdks/openjdk-19.0.1!/jdk.incubator.concurrent
2022-11-19 10:42:26 [INFO ] c.p.p.JsonEvaluator:75 - C:/Users/vence/.jdks/openjdk-19.0.1!/jdk.jlink
2022-11-19 10:42:26 [INFO ] c.p.p.JsonEvaluator:75 - C:/Users/vence/.jdks/openjdk-19.0.1!/jdk.jshell
2022-11-19 10:42:26 [INFO ] c.p.p.JsonEvaluator:75 - C:/Users/vence/.jdks/openjdk-19.0.1!/jdk.management
2022-11-19 10:42:26 [INFO ] c.p.p.JsonEvaluator:75 - C:/Users/vence/.jdks/openjdk-19.0.1!/jdk.httpserver
2022-11-19 10:42:26 [INFO ] c.p.p.JsonEvaluator:75 - C:/Users/vence/.jdks/openjdk-19.0.1!/jdk.naming.rmi
2022-11-19 10:42:26 [INFO ] c.p.p.JsonEvaluator:75 - C:/Users/vence/.jdks/openjdk-19.0.1!/java.instrument
2022-11-19 10:42:26 [INFO ] c.p.p.JsonEvaluator:75 - C:/Users/vence/.jdks/openjdk-19.0.1!/jdk.incubator.vector
2022-11-19 10:42:26 [INFO ] c.p.p.JsonEvaluator:75 - C:/Users/vence/Dropbox/Documents/programming/Java/Excel/lib/psec-java.jar
2022-11-19 10:42:26 [INFO ] c.p.p.JsonEvaluator:75 - C:/Users/vence/.jdks/openjdk-19.0.1!/java.base
2022-11-19 10:42:26 [INFO ] c.p.p.JsonEvaluator:75 - C:/Users/vence/.jdks/openjdk-19.0.1!/jdk.internal.vm.compiler
2022-11-19 10:42:26 [INFO ] c.p.p.IncrementalLauncher:154 - Load model from cache...
2022-11-19 10:42:26 [INFO ] c.p.p.IncrementalLauncher:168 - Build model incrementally...
2022-11-19 10:42:26 [INFO ] c.p.p.IncrementalLauncher:169 - Current time: 1668847346837
2022-11-19 10:42:26 [INFO ] c.p.p.IncrementalLauncher:170 - Last build time: 1668847277068
2022-11-19 10:42:26 [INFO ] c.p.p.IncrementalLauncher:171 - Keyset size: 4
2022-11-19 10:42:26 [INFO ] c.p.p.IncrementalLauncher:172 - Input sources size: 4
2022-11-19 10:42:26 [INFO ] c.p.p.IncrementalLauncher:178 - Removed sources size: 0
2022-11-19 10:42:26 [INFO ] c.p.p.IncrementalLauncher:179 - Added sources size: 0
2022-11-19 10:42:26 [INFO ] c.p.p.IncrementalLauncher:180 - Common sources size: 4
2022-11-19 10:42:26 [INFO ] c.p.p.IncrementalLauncher:191 - Incremental sources size: 1
2022-11-19 10:42:26 [INFO ] c.p.p.IncrementalLauncher:194 - Old types size: 4
2022-11-19 10:42:26 [INFO ] c.p.p.IncrementalLauncher:205 - Changed types size: 1
2022-11-19 10:42:26 [INFO ] c.p.p.IncrementalLauncher:207 - Enter types loop
2022-11-19 10:42:26 [INFO ] c.p.p.IncrementalLauncher:229 - Exit types loop
2022-11-19 10:42:26 [INFO ] c.p.p.IncrementalLauncher:241 - Old packages size: 2
2022-11-19 10:42:26 [INFO ] c.p.p.IncrementalLauncher:250 - Data processed
2022-11-19 10:42:26 [INFO ] c.p.p.IncrementalLauncher:256 - Added: 0
2022-11-19 10:42:26 [INFO ] c.p.p.IncrementalLauncher:257 - Removed: 0
2022-11-19 10:42:26 [INFO ] c.p.p.IncrementalLauncher:258 - Modified : 1
2022-11-19 10:42:27 [INFO ] c.p.p.IncrementalLauncher:312 - Cache saving started.
2022-11-19 10:42:27 [INFO ] c.p.p.IncrementalLauncher:355 - Cache saving finished.
2022-11-19 10:42:27 [INFO ] c.p.p.Module:383 - Model build success.
